Traceback (most recent call last):
  File "C:\Users\ahabi\AppData\Local\Programs\Python\Python311\Lib\site-packages\jupyter_core\utils\__init__.py", line 154, in wrapped
    asyncio.get_running_loop()
RuntimeError: no running event loop

During handling of the above exception, another exception occurred:

Traceback (most recent call last):
  File "C:\Users\ahabi\AppData\Local\Programs\Python\Python311\Lib\site-packages\jupyter_cache\executors\utils.py", line 58, in single_nb_execution
    executenb(
  File "C:\Users\ahabi\AppData\Local\Programs\Python\Python311\Lib\site-packages\nbclient\client.py", line 1319, in execute
    return NotebookClient(nb=nb, resources=resources, km=km, **kwargs).execute()
           ^^^^^^^^^^^^^^^^^^^^^^^^^^^^^^^^^^^^^^^^^^^^^^^^^^^^^^^^^^^^^^^^^^^^^
  File "C:\Users\ahabi\AppData\Local\Programs\Python\Python311\Lib\site-packages\jupyter_core\utils\__init__.py", line 158, in wrapped
    return loop.run_until_complete(inner)
           ^^^^^^^^^^^^^^^^^^^^^^^^^^^^^^
  File "C:\Users\ahabi\AppData\Local\Programs\Python\Python311\Lib\asyncio\base_events.py", line 654, in run_until_complete
    return future.result()
           ^^^^^^^^^^^^^^^
  File "C:\Users\ahabi\AppData\Local\Programs\Python\Python311\Lib\site-packages\nbclient\client.py", line 709, in async_execute
    await self.async_execute_cell(
  File "C:\Users\ahabi\AppData\Local\Programs\Python\Python311\Lib\site-packages\nbclient\client.py", line 1062, in async_execute_cell
    await self._check_raise_for_error(cell, cell_index, exec_reply)
  File "C:\Users\ahabi\AppData\Local\Programs\Python\Python311\Lib\site-packages\nbclient\client.py", line 918, in _check_raise_for_error
    raise CellExecutionError.from_cell_and_msg(cell, exec_reply_content)
nbclient.exceptions.CellExecutionError: An error occurred while executing the following cell:
------------------
print(f"\n--- EKSPERIMEN 1: Melatih dengan SEMUA {N_FEATURES} FITUR TSFEL ---")

# 1. Scaling data
print("Melakukan scaling data...")
scaler_all = StandardScaler()
X_train_scaled_all = scaler_all.fit_transform(X_train)
X_test_scaled_all = scaler_all.transform(X_test)

# 2. Latih model
print("Melatih model 'model_all_features'...")
model_all_features = RandomForestClassifier(n_estimators=100, random_state=42, n_jobs=-1)
model_all_features.fit(X_train_scaled_all, y_train)

# 3. Prediksi dan hitung akurasi
y_pred_all = model_all_features.predict(X_test_scaled_all)
acc_all_features = accuracy_score(y_test, y_pred_all)

print(f"Hasil Akurasi (Semua Fitur): {acc_all_features * 100:.2f}%")
------------------

----- stdout -----

--- EKSPERIMEN 1: Melatih dengan SEMUA 4 FITUR TSFEL ---
Melakukan scaling data...
------------------

[31m---------------------------------------------------------------------------[39m
[31mNameError[39m                                 Traceback (most recent call last)
[36mCell[39m[36m [39m[32mIn[4][39m[32m, line 6[39m
[32m      4[39m [38;5;28mprint[39m([33m"[39m[33mMelakukan scaling data...[39m[33m"[39m)
[32m      5[39m scaler_all = StandardScaler()
[32m----> [39m[32m6[39m X_train_scaled_all = scaler_all.fit_transform([43mX_train[49m)
[32m      7[39m X_test_scaled_all = scaler_all.transform(X_test)
[32m      9[39m [38;5;66;03m# 2. Latih model[39;00m

[31mNameError[39m: name 'X_train' is not defined

